2011/04/27 14:21:44 [error] [php] Invalid argument supplied for foreach() (E:\phpwork\yii\framework\web\helpers\CHtml.php:1851)
Stack trace:
#0 E:\phpwork\yii\framework\web\CBaseController.php(119): require()
#1 E:\phpwork\yii\framework\web\CBaseController.php(88): ProductController->renderInternal()
#2 E:\phpwork\yii\framework\web\CController.php(866): ProductController->renderFile()
#3 E:\phpwork\yii\framework\web\CController.php(779): ProductController->renderPartial()
#4 E:\phpwork\magnet\protected\admin\controllers\ProductController.php(29): ProductController->render()
#5 E:\phpwork\yii\framework\web\actions\CInlineAction.php(50): ProductController->actionIndex()
#6 E:\phpwork\yii\framework\web\CController.php(300): CInlineAction->runWithParams()
#7 E:\phpwork\yii\framework\web\CController.php(278): ProductController->runAction()
#8 E:\phpwork\yii\framework\web\CController.php(257): ProductController->runActionWithFilters()
#9 E:\phpwork\yii\framework\web\CWebApplication.php(328): ProductController->run()
#10 E:\phpwork\yii\framework\web\CWebApplication.php(121): CWebApplication->runController()
#11 E:\phpwork\yii\framework\base\CApplication.php(155): CWebApplication->processRequest()
#12 E:\phpwork\magnet\common.php(13): CWebApplication->run()
#13 E:\phpwork\magnet\admin.php(3): require_once()
REQUEST_URI=/magnet/admin.php/product/index/menupanel/content%7Cproduct%7Cproduct_index
in E:\phpwork\magnet\protected\admin\views\product\index.php (18)
in E:\phpwork\magnet\protected\admin\controllers\ProductController.php (29)
in E:\phpwork\magnet\common.php (13)
2011/04/27 14:22:57 [warning] [application] 设置非安全（unsafe）属性 "id" 失败。
in E:\phpwork\magnet\protected\admin\controllers\ProductController.php (68)
in E:\phpwork\magnet\common.php (13)
in E:\phpwork\magnet\admin.php (3)
2011/04/27 14:23:37 [warning] [application] 设置非安全（unsafe）属性 "id" 失败。
in E:\phpwork\magnet\protected\admin\controllers\ProductController.php (68)
in E:\phpwork\magnet\common.php (13)
in E:\phpwork\magnet\admin.php (3)
2011/04/27 14:24:39 [warning] [application] 设置非安全（unsafe）属性 "id" 失败。
in E:\phpwork\magnet\protected\admin\controllers\PageController.php (54)
in E:\phpwork\magnet\common.php (13)
in E:\phpwork\magnet\admin.php (3)
2011/04/27 14:27:36 [error] [php] Invalid argument supplied for foreach() (E:\phpwork\yii\framework\web\helpers\CHtml.php:1851)
Stack trace:
#0 E:\phpwork\yii\framework\web\CBaseController.php(123): require()
#1 E:\phpwork\yii\framework\web\CBaseController.php(88): SearchForm->renderInternal()
#2 E:\phpwork\yii\framework\web\widgets\CWidget.php(240): SearchForm->renderFile()
#3 E:\phpwork\magnet\protected\admin\components\SearchForm.php(14): SearchForm->render()
#4 E:\phpwork\yii\framework\zii\widgets\CPortlet.php(95): SearchForm->renderContent()
#5 E:\phpwork\yii\framework\web\CBaseController.php(166): SearchForm->run()
#6 E:\phpwork\magnet\protected\admin\views\article\index.php(17): ArticleController->widget()
#7 E:\phpwork\yii\framework\web\CBaseController.php(119): require()
#8 E:\phpwork\yii\framework\web\CBaseController.php(88): ArticleController->renderInternal()
#9 E:\phpwork\yii\framework\web\CController.php(866): ArticleController->renderFile()
#10 E:\phpwork\yii\framework\web\CController.php(779): ArticleController->renderPartial()
#11 E:\phpwork\magnet\protected\admin\controllers\ArticleController.php(30): ArticleController->render()
#12 E:\phpwork\yii\framework\web\actions\CInlineAction.php(50): ArticleController->actionIndex()
#13 E:\phpwork\yii\framework\web\CController.php(300): CInlineAction->runWithParams()
#14 E:\phpwork\yii\framework\web\CController.php(278): ArticleController->runAction()
#15 E:\phpwork\yii\framework\web\CController.php(257): ArticleController->runActionWithFilters()
#16 E:\phpwork\yii\framework\web\CWebApplication.php(328): ArticleController->run()
#17 E:\phpwork\yii\framework\web\CWebApplication.php(121): CWebApplication->runController()
#18 E:\phpwork\yii\framework\base\CApplication.php(155): CWebApplication->processRequest()
#19 E:\phpwork\magnet\common.php(13): CWebApplication->run()
#20 E:\phpwork\magnet\admin.php(3): require_once()
REQUEST_URI=/magnet/admin.php/article/index/menupanel/content%7Carticle%7Carticle_index
in E:\phpwork\magnet\protected\admin\components\views\searchForm.php (4)
in E:\phpwork\magnet\protected\admin\components\SearchForm.php (14)
in E:\phpwork\magnet\protected\admin\views\article\index.php (17)
2011/04/27 14:32:47 [error] [php] Invalid argument supplied for foreach() (E:\phpwork\yii\framework\web\helpers\CHtml.php:1851)
Stack trace:
#0 E:\phpwork\yii\framework\web\CBaseController.php(123): require()
#1 E:\phpwork\yii\framework\web\CBaseController.php(88): SearchForm->renderInternal()
#2 E:\phpwork\yii\framework\web\widgets\CWidget.php(240): SearchForm->renderFile()
#3 E:\phpwork\magnet\protected\admin\components\SearchForm.php(17): SearchForm->render()
#4 E:\phpwork\yii\framework\zii\widgets\CPortlet.php(95): SearchForm->renderContent()
#5 E:\phpwork\yii\framework\web\CBaseController.php(166): SearchForm->run()
#6 E:\phpwork\magnet\protected\admin\views\article\index.php(17): ArticleController->widget()
#7 E:\phpwork\yii\framework\web\CBaseController.php(119): require()
#8 E:\phpwork\yii\framework\web\CBaseController.php(88): ArticleController->renderInternal()
#9 E:\phpwork\yii\framework\web\CController.php(866): ArticleController->renderFile()
#10 E:\phpwork\yii\framework\web\CController.php(779): ArticleController->renderPartial()
#11 E:\phpwork\magnet\protected\admin\controllers\ArticleController.php(30): ArticleController->render()
#12 E:\phpwork\yii\framework\web\actions\CInlineAction.php(50): ArticleController->actionIndex()
#13 E:\phpwork\yii\framework\web\CController.php(300): CInlineAction->runWithParams()
#14 E:\phpwork\yii\framework\web\CController.php(278): ArticleController->runAction()
#15 E:\phpwork\yii\framework\web\CController.php(257): ArticleController->runActionWithFilters()
#16 E:\phpwork\yii\framework\web\CWebApplication.php(328): ArticleController->run()
#17 E:\phpwork\yii\framework\web\CWebApplication.php(121): CWebApplication->runController()
#18 E:\phpwork\yii\framework\base\CApplication.php(155): CWebApplication->processRequest()
#19 E:\phpwork\magnet\common.php(13): CWebApplication->run()
#20 E:\phpwork\magnet\admin.php(3): require_once()
REQUEST_URI=/magnet/admin.php/article/index/menupanel/content%7Carticle%7Carticle_index
in E:\phpwork\magnet\protected\admin\components\views\searchForm.php (4)
in E:\phpwork\magnet\protected\admin\components\SearchForm.php (17)
in E:\phpwork\magnet\protected\admin\views\article\index.php (17)
2011/04/27 14:33:51 [error] [exception.CException] exception 'CException' with message '属性 "SearchForm.category" 未被定义.' in E:\phpwork\yii\framework\base\CComponent.php:173
Stack trace:
#0 E:\phpwork\yii\framework\web\CWidgetFactory.php(162): CComponent->__set('category', NULL)
#1 E:\phpwork\yii\framework\web\CBaseController.php(139): CWidgetFactory->createWidget(Object(ArticleController), 'SearchForm', Array)
#2 E:\phpwork\yii\framework\web\CBaseController.php(165): CBaseController->createWidget('SearchForm', Array)
#3 E:\phpwork\magnet\protected\admin\views\article\index.php(17): CBaseController->widget('SearchForm', Array)
#4 E:\phpwork\yii\framework\web\CBaseController.php(119): require('E:\phpwork\magn...')
#5 E:\phpwork\yii\framework\web\CBaseController.php(88): CBaseController->renderInternal('E:\phpwork\magn...', Array, true)
#6 E:\phpwork\yii\framework\web\CController.php(866): CBaseController->renderFile('E:\phpwork\magn...', Array, true)
#7 E:\phpwork\yii\framework\web\CController.php(779): CController->renderPartial('index', Array, true)
#8 E:\phpwork\magnet\protected\admin\controllers\ArticleController.php(30): CController->render('index', Array)
#9 E:\phpwork\yii\framework\web\actions\CInlineAction.php(50): ArticleController->actionIndex()
#10 E:\phpwork\yii\framework\web\CController.php(300): CInlineAction->runWithParams(Array)
#11 E:\phpwork\yii\framework\web\CController.php(278): CController->runAction(Object(CInlineAction))
#12 E:\phpwork\yii\framework\web\CController.php(257): CController->runActionWithFilters(Object(CInlineAction), Array)
#13 E:\phpwork\yii\framework\web\CWebApplication.php(328): CController->run('index')
#14 E:\phpwork\yii\framework\web\CWebApplication.php(121): CWebApplication->runController('article/index/m...')
#15 E:\phpwork\yii\framework\base\CApplication.php(155): CWebApplication->processRequest()
#16 E:\phpwork\magnet\common.php(13): CApplication->run()
#17 E:\phpwork\magnet\admin.php(3): require_once('E:\phpwork\magn...')
#18 {main} REQUEST_URI=/magnet/admin.php/article/index/menupanel/content%7Carticle%7Carticle_index
2011/04/27 14:46:21 [error] [php] Object of class ArticleController could not be converted to string (E:\phpwork\magnet\protected\admin\components\views\searchForm.php:1)
Stack trace:
#0 E:\phpwork\yii\framework\web\widgets\CWidget.php(240): SearchForm->renderFile()
#1 E:\phpwork\magnet\protected\admin\components\SearchForm.php(17): SearchForm->render()
#2 E:\phpwork\yii\framework\zii\widgets\CPortlet.php(95): SearchForm->renderContent()
#3 E:\phpwork\yii\framework\web\CBaseController.php(166): SearchForm->run()
#4 E:\phpwork\magnet\protected\admin\views\article\index.php(17): ArticleController->widget()
#5 E:\phpwork\yii\framework\web\CBaseController.php(119): require()
#6 E:\phpwork\yii\framework\web\CBaseController.php(88): ArticleController->renderInternal()
#7 E:\phpwork\yii\framework\web\CController.php(866): ArticleController->renderFile()
#8 E:\phpwork\yii\framework\web\CController.php(779): ArticleController->renderPartial()
#9 E:\phpwork\magnet\protected\admin\controllers\ArticleController.php(30): ArticleController->render()
#10 E:\phpwork\yii\framework\web\actions\CInlineAction.php(50): ArticleController->actionIndex()
#11 E:\phpwork\yii\framework\web\CController.php(300): CInlineAction->runWithParams()
#12 E:\phpwork\yii\framework\web\CController.php(278): ArticleController->runAction()
#13 E:\phpwork\yii\framework\web\CController.php(257): ArticleController->runActionWithFilters()
#14 E:\phpwork\yii\framework\web\CWebApplication.php(328): ArticleController->run()
#15 E:\phpwork\yii\framework\web\CWebApplication.php(121): CWebApplication->runController()
#16 E:\phpwork\yii\framework\base\CApplication.php(155): CWebApplication->processRequest()
#17 E:\phpwork\magnet\common.php(13): CWebApplication->run()
#18 E:\phpwork\magnet\admin.php(3): require_once()
REQUEST_URI=/magnet/admin.php/article/index/menupanel/content%7Carticle%7Carticle_index
in E:\phpwork\magnet\protected\admin\components\views\searchForm.php (1)
in E:\phpwork\magnet\protected\admin\components\SearchForm.php (17)
in E:\phpwork\magnet\protected\admin\views\article\index.php (17)
2011/04/27 15:03:37 [warning] [application] 设置非安全（unsafe）属性 "id" 失败。
in E:\phpwork\magnet\protected\admin\controllers\PictureController.php (68)
in E:\phpwork\magnet\common.php (13)
in E:\phpwork\magnet\admin.php (3)
2011/04/27 15:03:37 [warning] [application] 设置非安全（unsafe）属性 "userid" 失败。
in E:\phpwork\magnet\protected\admin\controllers\PictureController.php (68)
in E:\phpwork\magnet\common.php (13)
in E:\phpwork\magnet\admin.php (3)
2011/04/27 15:03:46 [warning] [application] 设置非安全（unsafe）属性 "id" 失败。
in E:\phpwork\magnet\protected\admin\controllers\PictureController.php (68)
in E:\phpwork\magnet\common.php (13)
in E:\phpwork\magnet\admin.php (3)
2011/04/27 15:03:46 [warning] [application] 设置非安全（unsafe）属性 "userid" 失败。
in E:\phpwork\magnet\protected\admin\controllers\PictureController.php (68)
in E:\phpwork\magnet\common.php (13)
in E:\phpwork\magnet\admin.php (3)
2011/04/27 15:12:57 [error] [system.db.CDbCommand] Error in preparing SQL: SELECT COUNT(*) FROM 'mt_article' 't' WHERE type=1
in E:\phpwork\magnet\protected\admin\views\feedback\index.php (6)
in E:\phpwork\magnet\protected\admin\controllers\FeedbackController.php (27)
in E:\phpwork\magnet\common.php (13)
2011/04/27 15:12:57 [error] [system.db.CDbCommand] CDbCommand::fetchColumn() failed: CDbCommand 无法准备 SQL 语句: SQLSTATE[HY000]: General error: 1 no such column: type. The SQL statement executed was: SELECT COUNT(*) FROM 'mt_article' 't' WHERE type=1.
in E:\phpwork\magnet\protected\admin\views\feedback\index.php (6)
in E:\phpwork\magnet\protected\admin\controllers\FeedbackController.php (27)
in E:\phpwork\magnet\common.php (13)
2011/04/27 15:12:57 [error] [exception.CDbException] exception 'CDbException' with message 'CDbCommand 无法执行 SQL 语句: CDbCommand 无法准备 SQL 语句: SQLSTATE[HY000]: General error: 1 no such column: type. The SQL statement executed was: SELECT COUNT(*) FROM 'mt_article' 't' WHERE type=1' in E:\phpwork\yii\framework\db\CDbCommand.php:518
Stack trace:
#0 E:\phpwork\yii\framework\db\CDbCommand.php(413): CDbCommand->queryInternal('fetchColumn', 0, Array)
#1 E:\phpwork\yii\framework\db\ar\CActiveRecord.php(1510): CDbCommand->queryScalar()
#2 E:\phpwork\yii\framework\web\CActiveDataProvider.php(165): CActiveRecord->count(Object(CDbCriteria))
#3 E:\phpwork\yii\framework\web\CDataProvider.php(184): CActiveDataProvider->calculateTotalItemCount()
#4 E:\phpwork\yii\framework\base\CComponent.php(112): CDataProvider->getTotalItemCount()
#5 E:\phpwork\magnet\protected\admin\views\feedback\index.php(6): CComponent->__get('totalItemCount')
#6 E:\phpwork\yii\framework\web\CBaseController.php(119): require('E:\phpwork\magn...')
#7 E:\phpwork\yii\framework\web\CBaseController.php(88): CBaseController->renderInternal('E:\phpwork\magn...', Array, true)
#8 E:\phpwork\yii\framework\web\CController.php(866): CBaseController->renderFile('E:\phpwork\magn...', Array, true)
#9 E:\phpwork\yii\framework\web\CController.php(779): CController->renderPartial('index', Array, true)
#10 E:\phpwork\magnet\protected\admin\controllers\FeedbackController.php(27): CController->render('index', Array)
#11 E:\phpwork\yii\framework\web\actions\CInlineAction.php(50): FeedbackController->actionIndex()
#12 E:\phpwork\yii\framework\web\CController.php(300): CInlineAction->runWithParams(Array)
#13 E:\phpwork\yii\framework\web\CController.php(278): CController->runAction(Object(CInlineAction))
#14 E:\phpwork\yii\framework\web\CController.php(257): CController->runActionWithFilters(Object(CInlineAction), Array)
#15 E:\phpwork\yii\framework\web\CWebApplication.php(328): CController->run('index')
#16 E:\phpwork\yii\framework\web\CWebApplication.php(121): CWebApplication->runController('feedback/index/...')
#17 E:\phpwork\yii\framework\base\CApplication.php(155): CWebApplication->processRequest()
#18 E:\phpwork\magnet\common.php(13): CApplication->run()
#19 E:\phpwork\magnet\admin.php(3): require_once('E:\phpwork\magn...')
#20 {main} REQUEST_URI=/magnet/admin.php/feedback/index/menupanel/content%7Cfeedback%7Cfeedback_index
2011/04/27 15:26:03 [error] [php] Invalid argument supplied for foreach() (E:\phpwork\magnet\protected\admin\controllers\FeedbackController.php:25)
Stack trace:
#0 E:\phpwork\yii\framework\web\CController.php(278): FeedbackController->runAction()
#1 E:\phpwork\yii\framework\web\CController.php(257): FeedbackController->runActionWithFilters()
#2 E:\phpwork\yii\framework\web\CWebApplication.php(328): FeedbackController->run()
#3 E:\phpwork\yii\framework\web\CWebApplication.php(121): CWebApplication->runController()
#4 E:\phpwork\yii\framework\base\CApplication.php(155): CWebApplication->processRequest()
#5 E:\phpwork\magnet\common.php(13): CWebApplication->run()
#6 E:\phpwork\magnet\admin.php(3): require_once()
REQUEST_URI=/magnet/admin.php/feedback/index/menupanel/content%7Cfeedback%7Cfeedback_index
in E:\phpwork\magnet\protected\admin\controllers\FeedbackController.php (25)
in E:\phpwork\magnet\common.php (13)
in E:\phpwork\magnet\admin.php (3)
2011/04/27 15:28:40 [error] [system.db.CDbCommand] Error in preparing SQL: SELECT COUNT(*) FROM 'mt_feedback' 't' WHERE (type=1) 1 (type)
in E:\phpwork\magnet\protected\admin\views\feedback\index.php (6)
in E:\phpwork\magnet\protected\admin\controllers\FeedbackController.php (30)
in E:\phpwork\magnet\common.php (13)
2011/04/27 15:28:40 [error] [system.db.CDbCommand] CDbCommand::fetchColumn() failed: CDbCommand 无法准备 SQL 语句: SQLSTATE[HY000]: General error: 1 near "1": syntax error. The SQL statement executed was: SELECT COUNT(*) FROM 'mt_feedback' 't' WHERE (type=1) 1 (type).
in E:\phpwork\magnet\protected\admin\views\feedback\index.php (6)
in E:\phpwork\magnet\protected\admin\controllers\FeedbackController.php (30)
in E:\phpwork\magnet\common.php (13)
2011/04/27 15:28:40 [error] [exception.CDbException] exception 'CDbException' with message 'CDbCommand 无法执行 SQL 语句: CDbCommand 无法准备 SQL 语句: SQLSTATE[HY000]: General error: 1 near "1": syntax error. The SQL statement executed was: SELECT COUNT(*) FROM 'mt_feedback' 't' WHERE (type=1) 1 (type)' in E:\phpwork\yii\framework\db\CDbCommand.php:518
Stack trace:
#0 E:\phpwork\yii\framework\db\CDbCommand.php(413): CDbCommand->queryInternal('fetchColumn', 0, Array)
#1 E:\phpwork\yii\framework\db\ar\CActiveRecord.php(1510): CDbCommand->queryScalar()
#2 E:\phpwork\yii\framework\web\CActiveDataProvider.php(165): CActiveRecord->count(Object(CDbCriteria))
#3 E:\phpwork\yii\framework\web\CDataProvider.php(184): CActiveDataProvider->calculateTotalItemCount()
#4 E:\phpwork\yii\framework\base\CComponent.php(112): CDataProvider->getTotalItemCount()
#5 E:\phpwork\magnet\protected\admin\views\feedback\index.php(6): CComponent->__get('totalItemCount')
#6 E:\phpwork\yii\framework\web\CBaseController.php(119): require('E:\phpwork\magn...')
#7 E:\phpwork\yii\framework\web\CBaseController.php(88): CBaseController->renderInternal('E:\phpwork\magn...', Array, true)
#8 E:\phpwork\yii\framework\web\CController.php(866): CBaseController->renderFile('E:\phpwork\magn...', Array, true)
#9 E:\phpwork\yii\framework\web\CController.php(779): CController->renderPartial('index', Array, true)
#10 E:\phpwork\magnet\protected\admin\controllers\FeedbackController.php(30): CController->render('index', Array)
#11 E:\phpwork\yii\framework\web\actions\CInlineAction.php(50): FeedbackController->actionIndex()
#12 E:\phpwork\yii\framework\web\CController.php(300): CInlineAction->runWithParams(Array)
#13 E:\phpwork\yii\framework\web\CController.php(278): CController->runAction(Object(CInlineAction))
#14 E:\phpwork\yii\framework\web\CController.php(257): CController->runActionWithFilters(Object(CInlineAction), Array)
#15 E:\phpwork\yii\framework\web\CWebApplication.php(328): CController->run('index')
#16 E:\phpwork\yii\framework\web\CWebApplication.php(121): CWebApplication->runController('feedback/index/...')
#17 E:\phpwork\yii\framework\base\CApplication.php(155): CWebApplication->processRequest()
#18 E:\phpwork\magnet\common.php(13): CApplication->run()
#19 E:\phpwork\magnet\admin.php(3): require_once('E:\phpwork\magn...')
#20 {main} REQUEST_URI=/magnet/admin.php/feedback/index/menupanel/content%7Cfeedback%7Cfeedback_index?title=&cid=1
2011/04/27 15:32:40 [error] [system.db.CDbCommand] Error in preparing SQL: SELECT COUNT(*) FROM 'mt_user' 't' WHERE type
in E:\phpwork\magnet\protected\admin\views\user\index.php (6)
in E:\phpwork\magnet\protected\admin\controllers\UserController.php (29)
in E:\phpwork\magnet\common.php (13)
2011/04/27 15:32:40 [error] [system.db.CDbCommand] CDbCommand::fetchColumn() failed: CDbCommand 无法准备 SQL 语句: SQLSTATE[HY000]: General error: 1 no such column: type. The SQL statement executed was: SELECT COUNT(*) FROM 'mt_user' 't' WHERE type.
in E:\phpwork\magnet\protected\admin\views\user\index.php (6)
in E:\phpwork\magnet\protected\admin\controllers\UserController.php (29)
in E:\phpwork\magnet\common.php (13)
2011/04/27 15:32:40 [error] [exception.CDbException] exception 'CDbException' with message 'CDbCommand 无法执行 SQL 语句: CDbCommand 无法准备 SQL 语句: SQLSTATE[HY000]: General error: 1 no such column: type. The SQL statement executed was: SELECT COUNT(*) FROM 'mt_user' 't' WHERE type' in E:\phpwork\yii\framework\db\CDbCommand.php:518
Stack trace:
#0 E:\phpwork\yii\framework\db\CDbCommand.php(413): CDbCommand->queryInternal('fetchColumn', 0, Array)
#1 E:\phpwork\yii\framework\db\ar\CActiveRecord.php(1510): CDbCommand->queryScalar()
#2 E:\phpwork\yii\framework\web\CActiveDataProvider.php(165): CActiveRecord->count(Object(CDbCriteria))
#3 E:\phpwork\yii\framework\web\CDataProvider.php(184): CActiveDataProvider->calculateTotalItemCount()
#4 E:\phpwork\yii\framework\base\CComponent.php(112): CDataProvider->getTotalItemCount()
#5 E:\phpwork\magnet\protected\admin\views\user\index.php(6): CComponent->__get('totalItemCount')
#6 E:\phpwork\yii\framework\web\CBaseController.php(119): require('E:\phpwork\magn...')
#7 E:\phpwork\yii\framework\web\CBaseController.php(88): CBaseController->renderInternal('E:\phpwork\magn...', Array, true)
#8 E:\phpwork\yii\framework\web\CController.php(866): CBaseController->renderFile('E:\phpwork\magn...', Array, true)
#9 E:\phpwork\yii\framework\web\CController.php(779): CController->renderPartial('index', Array, true)
#10 E:\phpwork\magnet\protected\admin\controllers\UserController.php(29): CController->render('index', Array)
#11 E:\phpwork\yii\framework\web\actions\CInlineAction.php(50): UserController->actionIndex()
#12 E:\phpwork\yii\framework\web\CController.php(300): CInlineAction->runWithParams(Array)
#13 E:\phpwork\yii\framework\web\CController.php(278): CController->runAction(Object(CInlineAction))
#14 E:\phpwork\yii\framework\web\CController.php(257): CController->runActionWithFilters(Object(CInlineAction), Array)
#15 E:\phpwork\yii\framework\web\CWebApplication.php(328): CController->run('index')
#16 E:\phpwork\yii\framework\web\CWebApplication.php(121): CWebApplication->runController('user/index/menu...')
#17 E:\phpwork\yii\framework\base\CApplication.php(155): CWebApplication->processRequest()
#18 E:\phpwork\magnet\common.php(13): CApplication->run()
#19 E:\phpwork\magnet\admin.php(3): require_once('E:\phpwork\magn...')
#20 {main} REQUEST_URI=/magnet/admin.php/user/index/menupanel/usermanager%7Cuser%7Cuser_index?title=&cid=1
2011/04/27 15:32:50 [error] [system.db.CDbCommand] Error in preparing SQL: SELECT COUNT(*) FROM 'mt_user' 't' WHERE (type) AND (username LIKE :ycp0)
in E:\phpwork\magnet\protected\admin\views\user\index.php (6)
in E:\phpwork\magnet\protected\admin\controllers\UserController.php (29)
in E:\phpwork\magnet\common.php (13)
2011/04/27 15:32:50 [error] [exception.CDbException] exception 'CDbException' with message 'CDbCommand 无法准备 SQL 语句: SQLSTATE[HY000]: General error: 1 no such column: type' in E:\phpwork\yii\framework\db\CDbCommand.php:198
Stack trace:
#0 E:\phpwork\yii\framework\db\CDbCommand.php(254): CDbCommand->prepare()
#1 E:\phpwork\yii\framework\db\schema\CDbCommandBuilder.php(440): CDbCommand->bindValue(':ycp0', '%f%')
#2 E:\phpwork\yii\framework\db\schema\CDbCommandBuilder.php(153): CDbCommandBuilder->bindValues(Object(CDbCommand), Array)
#3 E:\phpwork\yii\framework\db\ar\CActiveRecord.php(1510): CDbCommandBuilder->createCountCommand(Object(CDbTableSchema), Object(CDbCriteria))
#4 E:\phpwork\yii\framework\web\CActiveDataProvider.php(165): CActiveRecord->count(Object(CDbCriteria))
#5 E:\phpwork\yii\framework\web\CDataProvider.php(184): CActiveDataProvider->calculateTotalItemCount()
#6 E:\phpwork\yii\framework\base\CComponent.php(112): CDataProvider->getTotalItemCount()
#7 E:\phpwork\magnet\protected\admin\views\user\index.php(6): CComponent->__get('totalItemCount')
#8 E:\phpwork\yii\framework\web\CBaseController.php(119): require('E:\phpwork\magn...')
#9 E:\phpwork\yii\framework\web\CBaseController.php(88): CBaseController->renderInternal('E:\phpwork\magn...', Array, true)
#10 E:\phpwork\yii\framework\web\CController.php(866): CBaseController->renderFile('E:\phpwork\magn...', Array, true)
#11 E:\phpwork\yii\framework\web\CController.php(779): CController->renderPartial('index', Array, true)
#12 E:\phpwork\magnet\protected\admin\controllers\UserController.php(29): CController->render('index', Array)
#13 E:\phpwork\yii\framework\web\actions\CInlineAction.php(50): UserController->actionIndex()
#14 E:\phpwork\yii\framework\web\CController.php(300): CInlineAction->runWithParams(Array)
#15 E:\phpwork\yii\framework\web\CController.php(278): CController->runAction(Object(CInlineAction))
#16 E:\phpwork\yii\framework\web\CController.php(257): CController->runActionWithFilters(Object(CInlineAction), Array)
#17 E:\phpwork\yii\framework\web\CWebApplication.php(328): CController->run('index')
#18 E:\phpwork\yii\framework\web\CWebApplication.php(121): CWebApplication->runController('user/index/menu...')
#19 E:\phpwork\yii\framework\base\CApplication.php(155): CWebApplication->processRequest()
#20 E:\phpwork\magnet\common.php(13): CApplication->run()
#21 E:\phpwork\magnet\admin.php(3): require_once('E:\phpwork\magn...')
#22 {main} REQUEST_URI=/magnet/admin.php/user/index/menupanel/usermanager%7Cuser%7Cuser_index?title=f&cid=1
2011/04/28 18:46:30 [warning] [application] 设置非安全（unsafe）属性 "id" 失败。
in E:\phpwork\magnet\protected\admin\controllers\ProductController.php (38)
in E:\phpwork\magnet\common.php (13)
in E:\phpwork\magnet\admin.php (3)
2011/06/23 09:10:53 [warning] [application] 设置非安全（unsafe）属性 "id" 失败。
in E:\phpwork\magnet\protected\admin\controllers\ProductController.php (68)
in E:\phpwork\magnet\common.php (13)
in E:\phpwork\magnet\admin.php (3)
2011/06/23 11:18:43 [error] [php] YiiBase::include(ii.php) [<a href='yiibase.include'>yiibase.include</a>]: failed to open stream: No such file or directory (E:\phpwork\yii\framework\YiiBase.php:396)
Stack trace:
#0 E:\phpwork\magnet\protected\admin\views\product\_form.php(46): spl_autoload_call()
#1 E:\phpwork\yii\framework\web\CBaseController.php(119): require()
#2 E:\phpwork\yii\framework\web\CBaseController.php(88): ProductController->renderInternal()
#3 E:\phpwork\yii\framework\web\CController.php(866): ProductController->renderFile()
#4 E:\phpwork\magnet\protected\admin\views\product\create.php(3): ProductController->renderPartial()
#5 E:\phpwork\yii\framework\web\CBaseController.php(119): require()
#6 E:\phpwork\yii\framework\web\CBaseController.php(88): ProductController->renderInternal()
#7 E:\phpwork\yii\framework\web\CController.php(866): ProductController->renderFile()
#8 E:\phpwork\yii\framework\web\CController.php(779): ProductController->renderPartial()
#9 E:\phpwork\magnet\protected\admin\controllers\ProductController.php(55): ProductController->render()
#10 E:\phpwork\yii\framework\web\actions\CInlineAction.php(50): ProductController->actionCreate()
#11 E:\phpwork\yii\framework\web\CController.php(300): CInlineAction->runWithParams()
#12 E:\phpwork\yii\framework\web\CController.php(278): ProductController->runAction()
#13 E:\phpwork\yii\framework\web\CController.php(257): ProductController->runActionWithFilters()
#14 E:\phpwork\yii\framework\web\CWebApplication.php(328): ProductController->run()
#15 E:\phpwork\yii\framework\web\CWebApplication.php(121): CWebApplication->runController()
#16 E:\phpwork\yii\framework\base\CApplication.php(155): CWebApplication->processRequest()
#17 E:\phpwork\magnet\common.php(13): CWebApplication->run()
#18 E:\phpwork\magnet\admin.php(3): require_once()
REQUEST_URI=/magnet/admin.php/product/create/menupanel/content%7Cproduct%7Cproduct_create
in E:\phpwork\magnet\protected\admin\views\product\_form.php (46)
in E:\phpwork\magnet\protected\admin\views\product\create.php (3)
in E:\phpwork\magnet\protected\admin\controllers\ProductController.php (55)
2011/06/23 11:28:17 [warning] [application] 设置非安全（unsafe）属性 "id" 失败。
in E:\phpwork\magnet\protected\admin\controllers\ProductController.php (68)
in E:\phpwork\magnet\common.php (13)
in E:\phpwork\magnet\admin.php (3)
2011/06/23 11:38:52 [warning] [application] 设置非安全（unsafe）属性 "id" 失败。
in E:\phpwork\magnet\protected\admin\controllers\PageController.php (38)
in E:\phpwork\magnet\common.php (13)
in E:\phpwork\magnet\admin.php (3)
2011/06/23 17:35:21 [error] [php] Invalid argument supplied for foreach() (E:\phpwork\yii\framework\web\helpers\CHtml.php:1851)
Stack trace:
#0 E:\phpwork\magnet\protected\admin\views\product\_form.php(32): CActiveForm->dropDownList()
#1 E:\phpwork\yii\framework\web\CBaseController.php(119): require()
#2 E:\phpwork\yii\framework\web\CBaseController.php(88): ProductController->renderInternal()
#3 E:\phpwork\yii\framework\web\CController.php(866): ProductController->renderFile()
#4 E:\phpwork\magnet\protected\admin\views\product\create.php(3): ProductController->renderPartial()
#5 E:\phpwork\yii\framework\web\CBaseController.php(119): require()
#6 E:\phpwork\yii\framework\web\CBaseController.php(88): ProductController->renderInternal()
#7 E:\phpwork\yii\framework\web\CController.php(866): ProductController->renderFile()
#8 E:\phpwork\yii\framework\web\CController.php(779): ProductController->renderPartial()
#9 E:\phpwork\magnet\protected\admin\controllers\ProductController.php(56): ProductController->render()
#10 E:\phpwork\yii\framework\web\actions\CInlineAction.php(50): ProductController->actionCreate()
#11 E:\phpwork\yii\framework\web\CController.php(300): CInlineAction->runWithParams()
#12 E:\phpwork\yii\framework\web\CController.php(278): ProductController->runAction()
#13 E:\phpwork\yii\framework\web\CController.php(257): ProductController->runActionWithFilters()
#14 E:\phpwork\yii\framework\web\CWebApplication.php(328): ProductController->run()
#15 E:\phpwork\yii\framework\web\CWebApplication.php(121): CWebApplication->runController()
#16 E:\phpwork\yii\framework\base\CApplication.php(155): CWebApplication->processRequest()
#17 E:\phpwork\magnet\common.php(13): CWebApplication->run()
#18 E:\phpwork\magnet\admin.php(3): require_once()
REQUEST_URI=/magnet/admin.php/product/create/menupanel/content%7Cproduct%7Cproduct_create
in E:\phpwork\magnet\protected\admin\views\product\_form.php (32)
in E:\phpwork\magnet\protected\admin\views\product\create.php (3)
in E:\phpwork\magnet\protected\admin\controllers\ProductController.php (56)
2011/06/23 17:38:21 [warning] [application] 设置非安全（unsafe）属性 "id" 失败。
in E:\phpwork\magnet\protected\admin\controllers\ProductController.php (69)
in E:\phpwork\magnet\common.php (13)
in E:\phpwork\magnet\admin.php (3)
2011/06/27 11:51:31 [warning] [application] 设置非安全（unsafe）属性 "id" 失败。
in E:\phpwork\magnet\protected\admin\controllers\ProductController.php (38)
in E:\phpwork\magnet\common.php (13)
in E:\phpwork\magnet\admin.php (3)
2011/06/27 11:53:59 [warning] [application] 设置非安全（unsafe）属性 "id" 失败。
in E:\phpwork\magnet\protected\admin\controllers\ProductController.php (72)
in E:\phpwork\magnet\common.php (13)
in E:\phpwork\magnet\admin.php (3)
2011/06/27 11:54:40 [warning] [application] 设置非安全（unsafe）属性 "id" 失败。
in E:\phpwork\magnet\protected\admin\controllers\ProductController.php (72)
in E:\phpwork\magnet\common.php (13)
in E:\phpwork\magnet\admin.php (3)
2011/06/27 12:47:51 [warning] [application] 设置非安全（unsafe）属性 "id" 失败。
in E:\phpwork\magnet\protected\admin\controllers\LinkController.php (38)
in E:\phpwork\magnet\common.php (13)
in E:\phpwork\magnet\admin.php (3)
2011/06/27 12:48:10 [warning] [application] 设置非安全（unsafe）属性 "id" 失败。
in E:\phpwork\magnet\protected\admin\controllers\PictureController.php (38)
in E:\phpwork\magnet\common.php (13)
in E:\phpwork\magnet\admin.php (3)
2011/06/27 12:48:10 [warning] [application] 设置非安全（unsafe）属性 "userid" 失败。
in E:\phpwork\magnet\protected\admin\controllers\PictureController.php (38)
in E:\phpwork\magnet\common.php (13)
in E:\phpwork\magnet\admin.php (3)
2011/06/27 12:51:19 [warning] [application] 设置非安全（unsafe）属性 "id" 失败。
in E:\phpwork\magnet\protected\admin\controllers\ProductController.php (41)
in E:\phpwork\magnet\common.php (13)
in E:\phpwork\magnet\admin.php (3)
2011/06/27 12:51:26 [warning] [application] 设置非安全（unsafe）属性 "id" 失败。
in E:\phpwork\magnet\protected\admin\controllers\LinkController.php (38)
in E:\phpwork\magnet\common.php (13)
in E:\phpwork\magnet\admin.php (3)
2011/06/27 12:51:32 [warning] [application] 设置非安全（unsafe）属性 "id" 失败。
in E:\phpwork\magnet\protected\admin\controllers\PictureController.php (38)
in E:\phpwork\magnet\common.php (13)
in E:\phpwork\magnet\admin.php (3)
2011/06/27 12:51:32 [warning] [application] 设置非安全（unsafe）属性 "userid" 失败。
in E:\phpwork\magnet\protected\admin\controllers\PictureController.php (38)
in E:\phpwork\magnet\common.php (13)
in E:\phpwork\magnet\admin.php (3)
2011/06/27 12:51:40 [warning] [application] 设置非安全（unsafe）属性 "id" 失败。
in E:\phpwork\magnet\protected\admin\controllers\FeedbackController.php (30)
in E:\phpwork\magnet\common.php (13)
in E:\phpwork\magnet\admin.php (3)
2011/06/27 12:51:47 [warning] [application] 设置非安全（unsafe）属性 "id" 失败。
in E:\phpwork\magnet\protected\admin\controllers\JobController.php (38)
in E:\phpwork\magnet\common.php (13)
in E:\phpwork\magnet\admin.php (3)
2011/06/27 12:51:47 [warning] [application] 设置非安全（unsafe）属性 "userid" 失败。
in E:\phpwork\magnet\protected\admin\controllers\JobController.php (38)
in E:\phpwork\magnet\common.php (13)
in E:\phpwork\magnet\admin.php (3)
2011/06/27 12:51:47 [warning] [application] 设置非安全（unsafe）属性 "end_time" 失败。
in E:\phpwork\magnet\protected\admin\controllers\JobController.php (38)
in E:\phpwork\magnet\common.php (13)
in E:\phpwork\magnet\admin.php (3)
2011/06/28 09:10:13 [warning] [application] 设置非安全（unsafe）属性 "id" 失败。
in E:\phpwork\magnet\protected\admin\controllers\ProductController.php (41)
in E:\phpwork\magnet\common.php (13)
in E:\phpwork\magnet\admin.php (3)
2011/06/28 09:20:05 [error] [exception.CException] exception 'CException' with message '属性 "CActiveForm.name" 未被定义.' in E:\phpwork\yii\framework\base\CComponent.php:173
Stack trace:
#0 E:\phpwork\yii\framework\web\CWidgetFactory.php(162): CComponent->__set('name', 'ar')
#1 E:\phpwork\yii\framework\web\CBaseController.php(139): CWidgetFactory->createWidget(Object(ArticleController), 'CActiveForm', Array)
#2 E:\phpwork\yii\framework\web\CBaseController.php(182): CBaseController->createWidget('CActiveForm', Array)
#3 E:\phpwork\magnet\protected\admin\views\article\_form.php(9): CBaseController->beginWidget('CActiveForm', Array)
#4 E:\phpwork\yii\framework\web\CBaseController.php(119): require('E:\phpwork\magn...')
#5 E:\phpwork\yii\framework\web\CBaseController.php(88): CBaseController->renderInternal('E:\phpwork\magn...', Array, true)
#6 E:\phpwork\yii\framework\web\CController.php(866): CBaseController->renderFile('E:\phpwork\magn...', Array, true)
#7 E:\phpwork\magnet\protected\admin\views\article\create.php(3): CController->renderPartial('_form', Array)
#8 E:\phpwork\yii\framework\web\CBaseController.php(119): require('E:\phpwork\magn...')
#9 E:\phpwork\yii\framework\web\CBaseController.php(88): CBaseController->renderInternal('E:\phpwork\magn...', Array, true)
#10 E:\phpwork\yii\framework\web\CController.php(866): CBaseController->renderFile('E:\phpwork\magn...', Array, true)
#11 E:\phpwork\yii\framework\web\CController.php(779): CController->renderPartial('create', Array, true)
#12 E:\phpwork\magnet\protected\admin\controllers\ArticleController.php(58): CController->render('create', Array)
#13 E:\phpwork\yii\framework\web\actions\CInlineAction.php(50): ArticleController->actionCreate()
#14 E:\phpwork\yii\framework\web\CController.php(300): CInlineAction->runWithParams(Array)
#15 E:\phpwork\yii\framework\web\CController.php(278): CController->runAction(Object(CInlineAction))
#16 E:\phpwork\yii\framework\web\CController.php(257): CController->runActionWithFilters(Object(CInlineAction), Array)
#17 E:\phpwork\yii\framework\web\CWebApplication.php(328): CController->run('create')
#18 E:\phpwork\yii\framework\web\CWebApplication.php(121): CWebApplication->runController('article/create/...')
#19 E:\phpwork\yii\framework\base\CApplication.php(155): CWebApplication->processRequest()
#20 E:\phpwork\magnet\common.php(13): CApplication->run()
#21 E:\phpwork\magnet\admin.php(3): require_once('E:\phpwork\magn...')
#22 {main} REQUEST_URI=/magnet/admin.php/article/create/menupanel/content%7Carticle%7Carticle_create
2011/06/28 09:33:23 [warning] [application] 设置非安全（unsafe）属性 "id" 失败。
in E:\phpwork\magnet\protected\admin\controllers\ProductController.php (41)
in E:\phpwork\magnet\common.php (13)
in E:\phpwork\magnet\admin.php (3)
2011/06/28 09:33:38 [warning] [application] 设置非安全（unsafe）属性 "id" 失败。
in E:\phpwork\magnet\protected\admin\controllers\ProductController.php (72)
in E:\phpwork\magnet\common.php (13)
in E:\phpwork\magnet\admin.php (3)
2011/06/30 11:52:41 [error] [exception.CHttpException.400] exception 'CHttpException' with message 'Invalid request. Please do not repeat this request again.' in E:\phpwork\magnet\protected\admin\components\Controller.php:45
Stack trace:
#0 [internal function]: Controller->actionDelete('75')
#1 E:\phpwork\yii\framework\web\actions\CAction.php(104): ReflectionMethod->invokeArgs(Object(ArticleController), Array)
#2 E:\phpwork\yii\framework\web\actions\CInlineAction.php(48): CAction->runWithParamsInternal(Object(ArticleController), Object(ReflectionMethod), Array)
#3 E:\phpwork\yii\framework\web\CController.php(300): CInlineAction->runWithParams(Array)
#4 E:\phpwork\yii\framework\web\CController.php(278): CController->runAction(Object(CInlineAction))
#5 E:\phpwork\yii\framework\web\CController.php(257): CController->runActionWithFilters(Object(CInlineAction), Array)
#6 E:\phpwork\yii\framework\web\CWebApplication.php(277): CController->run('delete')
#7 E:\phpwork\yii\framework\web\CWebApplication.php(136): CWebApplication->runController('article/delete/...')
#8 E:\phpwork\yii\framework\base\CApplication.php(158): CWebApplication->processRequest()
#9 E:\phpwork\magnet\common.php(13): CApplication->run()
#10 E:\phpwork\magnet\admin.php(3): require_once('E:\phpwork\magn...')
#11 {main} REQUEST_URI=/magnet/admin.php/article/delete/id/75
2011/06/30 11:52:48 [error] [exception.CHttpException.400] exception 'CHttpException' with message 'Invalid request. Please do not repeat this request again.' in E:\phpwork\magnet\protected\admin\components\Controller.php:45
Stack trace:
#0 [internal function]: Controller->actionDelete('75')
#1 E:\phpwork\yii\framework\web\actions\CAction.php(104): ReflectionMethod->invokeArgs(Object(ArticleController), Array)
#2 E:\phpwork\yii\framework\web\actions\CInlineAction.php(48): CAction->runWithParamsInternal(Object(ArticleController), Object(ReflectionMethod), Array)
#3 E:\phpwork\yii\framework\web\CController.php(300): CInlineAction->runWithParams(Array)
#4 E:\phpwork\yii\framework\web\CController.php(278): CController->runAction(Object(CInlineAction))
#5 E:\phpwork\yii\framework\web\CController.php(257): CController->runActionWithFilters(Object(CInlineAction), Array)
#6 E:\phpwork\yii\framework\web\CWebApplication.php(277): CController->run('delete')
#7 E:\phpwork\yii\framework\web\CWebApplication.php(136): CWebApplication->runController('article/delete/...')
#8 E:\phpwork\yii\framework\base\CApplication.php(158): CWebApplication->processRequest()
#9 E:\phpwork\magnet\common.php(13): CApplication->run()
#10 E:\phpwork\magnet\admin.php(3): require_once('E:\phpwork\magn...')
#11 {main} REQUEST_URI=/magnet/admin.php/article/delete/id/75
2011/06/30 11:52:55 [error] [exception.CHttpException.400] exception 'CHttpException' with message 'Invalid request. Please do not repeat this request again.' in E:\phpwork\magnet\protected\admin\components\Controller.php:45
Stack trace:
#0 [internal function]: Controller->actionDelete('74')
#1 E:\phpwork\yii\framework\web\actions\CAction.php(104): ReflectionMethod->invokeArgs(Object(ArticleController), Array)
#2 E:\phpwork\yii\framework\web\actions\CInlineAction.php(48): CAction->runWithParamsInternal(Object(ArticleController), Object(ReflectionMethod), Array)
#3 E:\phpwork\yii\framework\web\CController.php(300): CInlineAction->runWithParams(Array)
#4 E:\phpwork\yii\framework\web\CController.php(278): CController->runAction(Object(CInlineAction))
#5 E:\phpwork\yii\framework\web\CController.php(257): CController->runActionWithFilters(Object(CInlineAction), Array)
#6 E:\phpwork\yii\framework\web\CWebApplication.php(277): CController->run('delete')
#7 E:\phpwork\yii\framework\web\CWebApplication.php(136): CWebApplication->runController('article/delete/...')
#8 E:\phpwork\yii\framework\base\CApplication.php(158): CWebApplication->processRequest()
#9 E:\phpwork\magnet\common.php(13): CApplication->run()
#10 E:\phpwork\magnet\admin.php(3): require_once('E:\phpwork\magn...')
#11 {main} REQUEST_URI=/magnet/admin.php/article/delete/id/74
2011/06/30 11:53:30 [error] [exception.CHttpException.400] exception 'CHttpException' with message 'Invalid request. Please do not repeat this request again.' in E:\phpwork\magnet\protected\admin\components\Controller.php:45
Stack trace:
#0 [internal function]: Controller->actionDelete('74')
#1 E:\phpwork\yii\framework\web\actions\CAction.php(104): ReflectionMethod->invokeArgs(Object(ArticleController), Array)
#2 E:\phpwork\yii\framework\web\actions\CInlineAction.php(48): CAction->runWithParamsInternal(Object(ArticleController), Object(ReflectionMethod), Array)
#3 E:\phpwork\yii\framework\web\CController.php(300): CInlineAction->runWithParams(Array)
#4 E:\phpwork\yii\framework\web\CController.php(278): CController->runAction(Object(CInlineAction))
#5 E:\phpwork\yii\framework\web\CController.php(257): CController->runActionWithFilters(Object(CInlineAction), Array)
#6 E:\phpwork\yii\framework\web\CWebApplication.php(277): CController->run('delete')
#7 E:\phpwork\yii\framework\web\CWebApplication.php(136): CWebApplication->runController('article/delete/...')
#8 E:\phpwork\yii\framework\base\CApplication.php(158): CWebApplication->processRequest()
#9 E:\phpwork\magnet\common.php(13): CApplication->run()
#10 E:\phpwork\magnet\admin.php(3): require_once('E:\phpwork\magn...')
#11 {main} REQUEST_URI=/magnet/admin.php/article/delete/id/74
2011/06/30 11:53:31 [error] [exception.CHttpException.400] exception 'CHttpException' with message 'Invalid request. Please do not repeat this request again.' in E:\phpwork\magnet\protected\admin\components\Controller.php:45
Stack trace:
#0 [internal function]: Controller->actionDelete('74')
#1 E:\phpwork\yii\framework\web\actions\CAction.php(104): ReflectionMethod->invokeArgs(Object(ArticleController), Array)
#2 E:\phpwork\yii\framework\web\actions\CInlineAction.php(48): CAction->runWithParamsInternal(Object(ArticleController), Object(ReflectionMethod), Array)
#3 E:\phpwork\yii\framework\web\CController.php(300): CInlineAction->runWithParams(Array)
#4 E:\phpwork\yii\framework\web\CController.php(278): CController->runAction(Object(CInlineAction))
#5 E:\phpwork\yii\framework\web\CController.php(257): CController->runActionWithFilters(Object(CInlineAction), Array)
#6 E:\phpwork\yii\framework\web\CWebApplication.php(277): CController->run('delete')
#7 E:\phpwork\yii\framework\web\CWebApplication.php(136): CWebApplication->runController('article/delete/...')
#8 E:\phpwork\yii\framework\base\CApplication.php(158): CWebApplication->processRequest()
#9 E:\phpwork\magnet\common.php(13): CApplication->run()
#10 E:\phpwork\magnet\admin.php(3): require_once('E:\phpwork\magn...')
#11 {main} REQUEST_URI=/magnet/admin.php/article/delete/id/74
2011/06/30 11:53:51 [error] [exception.CHttpException.400] exception 'CHttpException' with message 'Invalid request. Please do not repeat this request again.' in E:\phpwork\magnet\protected\admin\components\Controller.php:45
Stack trace:
#0 [internal function]: Controller->actionDelete('74')
#1 E:\phpwork\yii\framework\web\actions\CAction.php(104): ReflectionMethod->invokeArgs(Object(ArticleController), Array)
#2 E:\phpwork\yii\framework\web\actions\CInlineAction.php(48): CAction->runWithParamsInternal(Object(ArticleController), Object(ReflectionMethod), Array)
#3 E:\phpwork\yii\framework\web\CController.php(300): CInlineAction->runWithParams(Array)
#4 E:\phpwork\yii\framework\web\CController.php(278): CController->runAction(Object(CInlineAction))
#5 E:\phpwork\yii\framework\web\CController.php(257): CController->runActionWithFilters(Object(CInlineAction), Array)
#6 E:\phpwork\yii\framework\web\CWebApplication.php(277): CController->run('delete')
#7 E:\phpwork\yii\framework\web\CWebApplication.php(136): CWebApplication->runController('article/delete/...')
#8 E:\phpwork\yii\framework\base\CApplication.php(158): CWebApplication->processRequest()
#9 E:\phpwork\magnet\common.php(13): CApplication->run()
#10 E:\phpwork\magnet\admin.php(3): require_once('E:\phpwork\magn...')
#11 {main} REQUEST_URI=/magnet/admin.php/article/delete/id/74
2011/06/30 12:04:34 [error] [exception.CException] exception 'CException' with message 'ArticleController 无法找到请求的视图 "_sitemap".' in E:\phpwork\yii\framework\web\CController.php:875
Stack trace:
#0 E:\phpwork\magnet\protected\admin\views\layouts\column1.php(213): CController->renderPartial('_sitemap')
#1 E:\phpwork\yii\framework\web\CBaseController.php(119): require('E:\phpwork\magn...')
#2 E:\phpwork\yii\framework\web\CBaseController.php(88): CBaseController->renderInternal('E:\phpwork\magn...', Array, true)
#3 E:\phpwork\yii\framework\web\CController.php(781): CBaseController->renderFile('E:\phpwork\magn...', Array, true)
#4 E:\phpwork\magnet\protected\admin\controllers\ArticleController.php(30): CController->render('index', Array)
#5 E:\phpwork\yii\framework\web\actions\CInlineAction.php(50): ArticleController->actionIndex()
#6 E:\phpwork\yii\framework\web\CController.php(300): CInlineAction->runWithParams(Array)
#7 E:\phpwork\yii\framework\web\CController.php(278): CController->runAction(Object(CInlineAction))
#8 E:\phpwork\yii\framework\web\CController.php(257): CController->runActionWithFilters(Object(CInlineAction), Array)
#9 E:\phpwork\yii\framework\web\CWebApplication.php(277): CController->run('index')
#10 E:\phpwork\yii\framework\web\CWebApplication.php(136): CWebApplication->runController('article/index/m...')
#11 E:\phpwork\yii\framework\base\CApplication.php(158): CWebApplication->processRequest()
#12 E:\phpwork\magnet\common.php(13): CApplication->run()
#13 E:\phpwork\magnet\admin.php(3): require_once('E:\phpwork\magn...')
#14 {main} REQUEST_URI=/magnet/admin.php/article/index/menupanel/content%7Carticle%7Carticle_index
2011/06/30 12:05:13 [error] [exception.CException] exception 'CException' with message 'ArticleController 无法找到请求的视图 "/layouts/_sitemap".' in E:\phpwork\yii\framework\web\CController.php:875
Stack trace:
#0 E:\phpwork\magnet\protected\admin\views\layouts\column1.php(213): CController->renderPartial('/layouts/_sitem...')
#1 E:\phpwork\yii\framework\web\CBaseController.php(119): require('E:\phpwork\magn...')
#2 E:\phpwork\yii\framework\web\CBaseController.php(88): CBaseController->renderInternal('E:\phpwork\magn...', Array, true)
#3 E:\phpwork\yii\framework\web\CController.php(781): CBaseController->renderFile('E:\phpwork\magn...', Array, true)
#4 E:\phpwork\magnet\protected\admin\controllers\ArticleController.php(30): CController->render('index', Array)
#5 E:\phpwork\yii\framework\web\actions\CInlineAction.php(50): ArticleController->actionIndex()
#6 E:\phpwork\yii\framework\web\CController.php(300): CInlineAction->runWithParams(Array)
#7 E:\phpwork\yii\framework\web\CController.php(278): CController->runAction(Object(CInlineAction))
#8 E:\phpwork\yii\framework\web\CController.php(257): CController->runActionWithFilters(Object(CInlineAction), Array)
#9 E:\phpwork\yii\framework\web\CWebApplication.php(277): CController->run('index')
#10 E:\phpwork\yii\framework\web\CWebApplication.php(136): CWebApplication->runController('article/index/m...')
#11 E:\phpwork\yii\framework\base\CApplication.php(158): CWebApplication->processRequest()
#12 E:\phpwork\magnet\common.php(13): CApplication->run()
#13 E:\phpwork\magnet\admin.php(3): require_once('E:\phpwork\magn...')
#14 {main} REQUEST_URI=/magnet/admin.php/article/index/menupanel/content%7Carticle%7Carticle_index
2011/06/30 12:05:34 [error] [exception.CException] exception 'CException' with message 'ArticleController 无法找到请求的视图 "layouts/_sitemap".' in E:\phpwork\yii\framework\web\CController.php:875
Stack trace:
#0 E:\phpwork\magnet\protected\admin\views\layouts\column1.php(213): CController->renderPartial('layouts/_sitema...')
#1 E:\phpwork\yii\framework\web\CBaseController.php(119): require('E:\phpwork\magn...')
#2 E:\phpwork\yii\framework\web\CBaseController.php(88): CBaseController->renderInternal('E:\phpwork\magn...', Array, true)
#3 E:\phpwork\yii\framework\web\CController.php(781): CBaseController->renderFile('E:\phpwork\magn...', Array, true)
#4 E:\phpwork\magnet\protected\admin\controllers\ArticleController.php(30): CController->render('index', Array)
#5 E:\phpwork\yii\framework\web\actions\CInlineAction.php(50): ArticleController->actionIndex()
#6 E:\phpwork\yii\framework\web\CController.php(300): CInlineAction->runWithParams(Array)
#7 E:\phpwork\yii\framework\web\CController.php(278): CController->runAction(Object(CInlineAction))
#8 E:\phpwork\yii\framework\web\CController.php(257): CController->runActionWithFilters(Object(CInlineAction), Array)
#9 E:\phpwork\yii\framework\web\CWebApplication.php(277): CController->run('index')
#10 E:\phpwork\yii\framework\web\CWebApplication.php(136): CWebApplication->runController('article/index/m...')
#11 E:\phpwork\yii\framework\base\CApplication.php(158): CWebApplication->processRequest()
#12 E:\phpwork\magnet\common.php(13): CApplication->run()
#13 E:\phpwork\magnet\admin.php(3): require_once('E:\phpwork\magn...')
#14 {main} REQUEST_URI=/magnet/admin.php/article/index/menupanel/content%7Carticle%7Carticle_index
2011/06/30 12:05:55 [error] [exception.CException] exception 'CException' with message 'ArticleController 无法找到请求的视图 "layouts/_sitemap".' in E:\phpwork\yii\framework\web\CController.php:875
Stack trace:
#0 E:\phpwork\magnet\protected\admin\views\layouts\column1.php(213): CController->renderPartial('layouts/_sitema...')
#1 E:\phpwork\yii\framework\web\CBaseController.php(119): require('E:\phpwork\magn...')
#2 E:\phpwork\yii\framework\web\CBaseController.php(88): CBaseController->renderInternal('E:\phpwork\magn...', Array, true)
#3 E:\phpwork\yii\framework\web\CController.php(781): CBaseController->renderFile('E:\phpwork\magn...', Array, true)
#4 E:\phpwork\magnet\protected\admin\controllers\ArticleController.php(30): CController->render('index', Array)
#5 E:\phpwork\yii\framework\web\actions\CInlineAction.php(50): ArticleController->actionIndex()
#6 E:\phpwork\yii\framework\web\CController.php(300): CInlineAction->runWithParams(Array)
#7 E:\phpwork\yii\framework\web\CController.php(278): CController->runAction(Object(CInlineAction))
#8 E:\phpwork\yii\framework\web\CController.php(257): CController->runActionWithFilters(Object(CInlineAction), Array)
#9 E:\phpwork\yii\framework\web\CWebApplication.php(277): CController->run('index')
#10 E:\phpwork\yii\framework\web\CWebApplication.php(136): CWebApplication->runController('article/index/m...')
#11 E:\phpwork\yii\framework\base\CApplication.php(158): CWebApplication->processRequest()
#12 E:\phpwork\magnet\common.php(13): CApplication->run()
#13 E:\phpwork\magnet\admin.php(3): require_once('E:\phpwork\magn...')
#14 {main} REQUEST_URI=/magnet/admin.php/article/index/menupanel/content%7Carticle%7Carticle_index
2011/06/30 12:07:03 [error] [exception.CException] exception 'CException' with message 'ArticleController 无法找到请求的视图 "layouts/_sitemap".' in E:\phpwork\yii\framework\web\CController.php:875
Stack trace:
#0 E:\phpwork\magnet\protected\admin\views\layouts\column1.php(213): CController->renderPartial('layouts/_sitema...')
#1 E:\phpwork\yii\framework\web\CBaseController.php(119): require('E:\phpwork\magn...')
#2 E:\phpwork\yii\framework\web\CBaseController.php(88): CBaseController->renderInternal('E:\phpwork\magn...', Array, true)
#3 E:\phpwork\yii\framework\web\CController.php(781): CBaseController->renderFile('E:\phpwork\magn...', Array, true)
#4 E:\phpwork\magnet\protected\admin\controllers\ArticleController.php(30): CController->render('index', Array)
#5 E:\phpwork\yii\framework\web\actions\CInlineAction.php(50): ArticleController->actionIndex()
#6 E:\phpwork\yii\framework\web\CController.php(300): CInlineAction->runWithParams(Array)
#7 E:\phpwork\yii\framework\web\CController.php(278): CController->runAction(Object(CInlineAction))
#8 E:\phpwork\yii\framework\web\CController.php(257): CController->runActionWithFilters(Object(CInlineAction), Array)
#9 E:\phpwork\yii\framework\web\CWebApplication.php(277): CController->run('index')
#10 E:\phpwork\yii\framework\web\CWebApplication.php(136): CWebApplication->runController('article/index/m...')
#11 E:\phpwork\yii\framework\base\CApplication.php(158): CWebApplication->processRequest()
#12 E:\phpwork\magnet\common.php(13): CApplication->run()
#13 E:\phpwork\magnet\admin.php(3): require_once('E:\phpwork\magn...')
#14 {main} REQUEST_URI=/magnet/admin.php/article/index/menupanel/content%7Carticle%7Carticle_index
2011/06/30 12:07:19 [error] [exception.CException] exception 'CException' with message 'ArticleController 无法找到请求的视图 "_sitemap".' in E:\phpwork\yii\framework\web\CController.php:875
Stack trace:
#0 E:\phpwork\magnet\protected\admin\views\layouts\column1.php(213): CController->renderPartial('_sitemap')
#1 E:\phpwork\yii\framework\web\CBaseController.php(119): require('E:\phpwork\magn...')
#2 E:\phpwork\yii\framework\web\CBaseController.php(88): CBaseController->renderInternal('E:\phpwork\magn...', Array, true)
#3 E:\phpwork\yii\framework\web\CController.php(781): CBaseController->renderFile('E:\phpwork\magn...', Array, true)
#4 E:\phpwork\magnet\protected\admin\controllers\ArticleController.php(30): CController->render('index', Array)
#5 E:\phpwork\yii\framework\web\actions\CInlineAction.php(50): ArticleController->actionIndex()
#6 E:\phpwork\yii\framework\web\CController.php(300): CInlineAction->runWithParams(Array)
#7 E:\phpwork\yii\framework\web\CController.php(278): CController->runAction(Object(CInlineAction))
#8 E:\phpwork\yii\framework\web\CController.php(257): CController->runActionWithFilters(Object(CInlineAction), Array)
#9 E:\phpwork\yii\framework\web\CWebApplication.php(277): CController->run('index')
#10 E:\phpwork\yii\framework\web\CWebApplication.php(136): CWebApplication->runController('article/index/m...')
#11 E:\phpwork\yii\framework\base\CApplication.php(158): CWebApplication->processRequest()
#12 E:\phpwork\magnet\common.php(13): CApplication->run()
#13 E:\phpwork\magnet\admin.php(3): require_once('E:\phpwork\magn...')
#14 {main} REQUEST_URI=/magnet/admin.php/article/index/menupanel/content%7Carticle%7Carticle_index
2011/07/01 17:25:33 [warning] [application] Failed to set unsafe attribute "id" of "Product".
in E:\phpwork\magnet\protected\admin\controllers\ProductController.php (41)
in E:\phpwork\magnet\common.php (13)
in E:\phpwork\magnet\admin.php (3)
2011/07/01 17:35:35 [warning] [application] Failed to set unsafe attribute "id" of "Product".
in E:\phpwork\magnet\protected\admin\controllers\ProductController.php (41)
in E:\phpwork\magnet\common.php (13)
in E:\phpwork\magnet\admin.php (3)
2011/08/06 20:49:09 [error] [exception.CHttpException.404] exception 'CHttpException' with message 'The requested page does not exist.' in E:\phpwork\magnet\protected\admin\controllers\ProductController.php:102
Stack trace:
#0 E:\phpwork\magnet\protected\admin\controllers\ProductController.php(69): ProductController->loadModel('9')
#1 [internal function]: ProductController->actionUpdate('9')
#2 E:\phpwork\yii\framework\web\actions\CAction.php(104): ReflectionMethod->invokeArgs(Object(ProductController), Array)
#3 E:\phpwork\yii\framework\web\actions\CInlineAction.php(48): CAction->runWithParamsInternal(Object(ProductController), Object(ReflectionMethod), Array)
#4 E:\phpwork\yii\framework\web\CController.php(300): CInlineAction->runWithParams(Array)
#5 E:\phpwork\yii\framework\web\CController.php(278): CController->runAction(Object(CInlineAction))
#6 E:\phpwork\yii\framework\web\CController.php(257): CController->runActionWithFilters(Object(CInlineAction), Array)
#7 E:\phpwork\yii\framework\web\CWebApplication.php(277): CController->run('update')
#8 E:\phpwork\yii\framework\web\CWebApplication.php(136): CWebApplication->runController('product/update/...')
#9 E:\phpwork\yii\framework\base\CApplication.php(158): CWebApplication->processRequest()
#10 E:\phpwork\magnet\common.php(13): CApplication->run()
#11 E:\phpwork\magnet\admin.php(3): require_once('E:\phpwork\magn...')
#12 {main} REQUEST_URI=/magnet/admin.php/product/update/id/9/menupanel/content%7Cproduct%7Cproduct_index/cid//title
2011/08/06 20:49:16 [error] [exception.CHttpException.404] exception 'CHttpException' with message 'The requested page does not exist.' in E:\phpwork\magnet\protected\admin\controllers\ProductController.php:102
Stack trace:
#0 E:\phpwork\magnet\protected\admin\controllers\ProductController.php(69): ProductController->loadModel('9')
#1 [internal function]: ProductController->actionUpdate('9')
#2 E:\phpwork\yii\framework\web\actions\CAction.php(104): ReflectionMethod->invokeArgs(Object(ProductController), Array)
#3 E:\phpwork\yii\framework\web\actions\CInlineAction.php(48): CAction->runWithParamsInternal(Object(ProductController), Object(ReflectionMethod), Array)
#4 E:\phpwork\yii\framework\web\CController.php(300): CInlineAction->runWithParams(Array)
#5 E:\phpwork\yii\framework\web\CController.php(278): CController->runAction(Object(CInlineAction))
#6 E:\phpwork\yii\framework\web\CController.php(257): CController->runActionWithFilters(Object(CInlineAction), Array)
#7 E:\phpwork\yii\framework\web\CWebApplication.php(277): CController->run('update')
#8 E:\phpwork\yii\framework\web\CWebApplication.php(136): CWebApplication->runController('product/update/...')
#9 E:\phpwork\yii\framework\base\CApplication.php(158): CWebApplication->processRequest()
#10 E:\phpwork\magnet\common.php(13): CApplication->run()
#11 E:\phpwork\magnet\admin.php(3): require_once('E:\phpwork\magn...')
#12 {main} REQUEST_URI=/magnet/admin.php/product/update/id/9/menupanel/content%7Cproduct%7Cproduct_index/cid//title
2011/08/06 20:49:40 [error] [exception.CHttpException.404] exception 'CHttpException' with message 'The requested page does not exist.' in E:\phpwork\magnet\protected\admin\controllers\ProductController.php:102
Stack trace:
#0 E:\phpwork\magnet\protected\admin\controllers\ProductController.php(69): ProductController->loadModel('9')
#1 [internal function]: ProductController->actionUpdate('9')
#2 E:\phpwork\yii\framework\web\actions\CAction.php(104): ReflectionMethod->invokeArgs(Object(ProductController), Array)
#3 E:\phpwork\yii\framework\web\actions\CInlineAction.php(48): CAction->runWithParamsInternal(Object(ProductController), Object(ReflectionMethod), Array)
#4 E:\phpwork\yii\framework\web\CController.php(300): CInlineAction->runWithParams(Array)
#5 E:\phpwork\yii\framework\web\CController.php(278): CController->runAction(Object(CInlineAction))
#6 E:\phpwork\yii\framework\web\CController.php(257): CController->runActionWithFilters(Object(CInlineAction), Array)
#7 E:\phpwork\yii\framework\web\CWebApplication.php(277): CController->run('update')
#8 E:\phpwork\yii\framework\web\CWebApplication.php(136): CWebApplication->runController('product/update/...')
#9 E:\phpwork\yii\framework\base\CApplication.php(158): CWebApplication->processRequest()
#10 E:\phpwork\magnet\common.php(13): CApplication->run()
#11 E:\phpwork\magnet\admin.php(3): require_once('E:\phpwork\magn...')
#12 {main} REQUEST_URI=/magnet/admin.php/product/update/id/9/menupanel/content%7Cproduct%7Cproduct_index/cid//title
2011/08/06 20:49:51 [error] [exception.CHttpException.404] exception 'CHttpException' with message 'The requested page does not exist.' in E:\phpwork\magnet\protected\admin\controllers\ProductController.php:102
Stack trace:
#0 E:\phpwork\magnet\protected\admin\controllers\ProductController.php(69): ProductController->loadModel('8')
#1 [internal function]: ProductController->actionUpdate('8')
#2 E:\phpwork\yii\framework\web\actions\CAction.php(104): ReflectionMethod->invokeArgs(Object(ProductController), Array)
#3 E:\phpwork\yii\framework\web\actions\CInlineAction.php(48): CAction->runWithParamsInternal(Object(ProductController), Object(ReflectionMethod), Array)
#4 E:\phpwork\yii\framework\web\CController.php(300): CInlineAction->runWithParams(Array)
#5 E:\phpwork\yii\framework\web\CController.php(278): CController->runAction(Object(CInlineAction))
#6 E:\phpwork\yii\framework\web\CController.php(257): CController->runActionWithFilters(Object(CInlineAction), Array)
#7 E:\phpwork\yii\framework\web\CWebApplication.php(277): CController->run('update')
#8 E:\phpwork\yii\framework\web\CWebApplication.php(136): CWebApplication->runController('product/update/...')
#9 E:\phpwork\yii\framework\base\CApplication.php(158): CWebApplication->processRequest()
#10 E:\phpwork\magnet\common.php(13): CApplication->run()
#11 E:\phpwork\magnet\admin.php(3): require_once('E:\phpwork\magn...')
#12 {main} REQUEST_URI=/magnet/admin.php/product/update/id/8/menupanel/content%7Cproduct%7Cproduct_index/cid//title
2011/08/06 20:50:36 [error] [exception.CHttpException.404] exception 'CHttpException' with message 'The requested page does not exist.' in E:\phpwork\magnet\protected\admin\controllers\ProductController.php:102
Stack trace:
#0 E:\phpwork\magnet\protected\admin\controllers\ProductController.php(69): ProductController->loadModel('9')
#1 [internal function]: ProductController->actionUpdate('9')
#2 E:\phpwork\yii\framework\web\actions\CAction.php(104): ReflectionMethod->invokeArgs(Object(ProductController), Array)
#3 E:\phpwork\yii\framework\web\actions\CInlineAction.php(48): CAction->runWithParamsInternal(Object(ProductController), Object(ReflectionMethod), Array)
#4 E:\phpwork\yii\framework\web\CController.php(300): CInlineAction->runWithParams(Array)
#5 E:\phpwork\yii\framework\web\CController.php(278): CController->runAction(Object(CInlineAction))
#6 E:\phpwork\yii\framework\web\CController.php(257): CController->runActionWithFilters(Object(CInlineAction), Array)
#7 E:\phpwork\yii\framework\web\CWebApplication.php(277): CController->run('update')
#8 E:\phpwork\yii\framework\web\CWebApplication.php(136): CWebApplication->runController('product/update/...')
#9 E:\phpwork\yii\framework\base\CApplication.php(158): CWebApplication->processRequest()
#10 E:\phpwork\magnet\common.php(13): CApplication->run()
#11 E:\phpwork\magnet\admin.php(3): require_once('E:\phpwork\magn...')
#12 {main} REQUEST_URI=/magnet/admin.php/product/update/id/9/menupanel/content%7Cproduct%7Cproduct_index
2011/08/06 20:50:53 [error] [exception.CHttpException.404] exception 'CHttpException' with message 'The requested page does not exist.' in E:\phpwork\magnet\protected\admin\controllers\ProductController.php:102
Stack trace:
#0 E:\phpwork\magnet\protected\admin\controllers\ProductController.php(69): ProductController->loadModel('5')
#1 [internal function]: ProductController->actionUpdate('5')
#2 E:\phpwork\yii\framework\web\actions\CAction.php(104): ReflectionMethod->invokeArgs(Object(ProductController), Array)
#3 E:\phpwork\yii\framework\web\actions\CInlineAction.php(48): CAction->runWithParamsInternal(Object(ProductController), Object(ReflectionMethod), Array)
#4 E:\phpwork\yii\framework\web\CController.php(300): CInlineAction->runWithParams(Array)
#5 E:\phpwork\yii\framework\web\CController.php(278): CController->runAction(Object(CInlineAction))
#6 E:\phpwork\yii\framework\web\CController.php(257): CController->runActionWithFilters(Object(CInlineAction), Array)
#7 E:\phpwork\yii\framework\web\CWebApplication.php(277): CController->run('update')
#8 E:\phpwork\yii\framework\web\CWebApplication.php(136): CWebApplication->runController('product/update/...')
#9 E:\phpwork\yii\framework\base\CApplication.php(158): CWebApplication->processRequest()
#10 E:\phpwork\magnet\common.php(13): CApplication->run()
#11 E:\phpwork\magnet\admin.php(3): require_once('E:\phpwork\magn...')
#12 {main} REQUEST_URI=/magnet/admin.php/product/update/id/5/menupanel/content%7Cproduct%7Cproduct_index
2011/08/06 20:51:15 [warning] [application] Failed to set unsafe attribute "id" of "Product".
in E:\phpwork\magnet\protected\admin\controllers\ProductController.php (41)
in E:\phpwork\magnet\common.php (13)
in E:\phpwork\magnet\admin.php (3)
2011/08/06 20:51:15 [error] [system.db.CDbCommand] CDbCommand::execute() failed: SQLSTATE[23000]: Integrity constraint violation: 19 mt_product.id may not be NULL. The SQL statement executed was: INSERT INTO 'mt_product' ("recommend_level", "userid", "title", "cid", "bid", "content", "summary", "seotitle", "keywords", "description", "update_time", "create_time", "status", "hits") VALUES (:yp0, :yp1, :yp2, :yp3, :yp4, :yp5, :yp6, :yp7, :yp8, :yp9, :yp10, :yp11, :yp12, :yp13).
in E:\phpwork\magnet\protected\admin\controllers\ProductController.php (47)
in E:\phpwork\magnet\common.php (13)
in E:\phpwork\magnet\admin.php (3)
2011/08/06 20:51:15 [error] [exception.CDbException] exception 'CDbException' with message 'CDbCommand 无法执行 SQL 语句: SQLSTATE[23000]: Integrity constraint violation: 19 mt_product.id may not be NULL. The SQL statement executed was: INSERT INTO 'mt_product' ("recommend_level", "userid", "title", "cid", "bid", "content", "summary", "seotitle", "keywords", "description", "update_time", "create_time", "status", "hits") VALUES (:yp0, :yp1, :yp2, :yp3, :yp4, :yp5, :yp6, :yp7, :yp8, :yp9, :yp10, :yp11, :yp12, :yp13)' in E:\phpwork\yii\framework\db\CDbCommand.php:336
Stack trace:
#0 E:\phpwork\yii\framework\db\ar\CActiveRecord.php(1017): CDbCommand->execute()
#1 E:\phpwork\yii\framework\db\ar\CActiveRecord.php(781): CActiveRecord->insert(NULL)
#2 E:\phpwork\magnet\protected\admin\controllers\ProductController.php(47): CActiveRecord->save()
#3 E:\phpwork\yii\framework\web\actions\CInlineAction.php(50): ProductController->actionCreate()
#4 E:\phpwork\yii\framework\web\CController.php(300): CInlineAction->runWithParams(Array)
#5 E:\phpwork\yii\framework\web\CController.php(278): CController->runAction(Object(CInlineAction))
#6 E:\phpwork\yii\framework\web\CController.php(257): CController->runActionWithFilters(Object(CInlineAction), Array)
#7 E:\phpwork\yii\framework\web\CWebApplication.php(277): CController->run('create')
#8 E:\phpwork\yii\framework\web\CWebApplication.php(136): CWebApplication->runController('product/create/...')
#9 E:\phpwork\yii\framework\base\CApplication.php(158): CWebApplication->processRequest()
#10 E:\phpwork\magnet\common.php(13): CApplication->run()
#11 E:\phpwork\magnet\admin.php(3): require_once('E:\phpwork\magn...')
#12 {main} REQUEST_URI=/magnet/admin.php/product/create/menupanel/content%7Cproduct%7Cproduct_create/cid
2011/08/06 20:53:03 [error] [exception.CHttpException.404] exception 'CHttpException' with message 'The requested page does not exist.' in E:\phpwork\magnet\protected\admin\controllers\ProductController.php:102
Stack trace:
#0 E:\phpwork\magnet\protected\admin\controllers\ProductController.php(69): ProductController->loadModel('9')
#1 [internal function]: ProductController->actionUpdate('9')
#2 E:\phpwork\yii\framework\web\actions\CAction.php(104): ReflectionMethod->invokeArgs(Object(ProductController), Array)
#3 E:\phpwork\yii\framework\web\actions\CInlineAction.php(48): CAction->runWithParamsInternal(Object(ProductController), Object(ReflectionMethod), Array)
#4 E:\phpwork\yii\framework\web\CController.php(300): CInlineAction->runWithParams(Array)
#5 E:\phpwork\yii\framework\web\CController.php(278): CController->runAction(Object(CInlineAction))
#6 E:\phpwork\yii\framework\web\CController.php(257): CController->runActionWithFilters(Object(CInlineAction), Array)
#7 E:\phpwork\yii\framework\web\CWebApplication.php(277): CController->run('update')
#8 E:\phpwork\yii\framework\web\CWebApplication.php(136): CWebApplication->runController('product/update/...')
#9 E:\phpwork\yii\framework\base\CApplication.php(158): CWebApplication->processRequest()
#10 E:\phpwork\magnet\common.php(13): CApplication->run()
#11 E:\phpwork\magnet\admin.php(3): require_once('E:\phpwork\magn...')
#12 {main} REQUEST_URI=/magnet/admin.php/product/update/id/9/menupanel/content%7Cproduct%7Cproduct_index/cid//title
2011/08/06 20:53:16 [warning] [application] Failed to set unsafe attribute "id" of "Product".
in E:\phpwork\magnet\protected\admin\controllers\ProductController.php (41)
in E:\phpwork\magnet\common.php (13)
in E:\phpwork\magnet\admin.php (3)
2011/08/06 20:53:16 [error] [system.db.CDbCommand] CDbCommand::execute() failed: SQLSTATE[23000]: Integrity constraint violation: 19 mt_product.id may not be NULL. The SQL statement executed was: INSERT INTO 'mt_product' ("recommend_level", "userid", "title", "cid", "bid", "content", "summary", "keywords", "description", "update_time", "create_time", "status", "hits") VALUES (:yp0, :yp1, :yp2, :yp3, :yp4, :yp5, :yp6, :yp7, :yp8, :yp9, :yp10, :yp11, :yp12).
in E:\phpwork\magnet\protected\admin\controllers\ProductController.php (47)
in E:\phpwork\magnet\common.php (13)
in E:\phpwork\magnet\admin.php (3)
2011/08/06 20:53:16 [error] [exception.CDbException] exception 'CDbException' with message 'CDbCommand 无法执行 SQL 语句: SQLSTATE[23000]: Integrity constraint violation: 19 mt_product.id may not be NULL. The SQL statement executed was: INSERT INTO 'mt_product' ("recommend_level", "userid", "title", "cid", "bid", "content", "summary", "keywords", "description", "update_time", "create_time", "status", "hits") VALUES (:yp0, :yp1, :yp2, :yp3, :yp4, :yp5, :yp6, :yp7, :yp8, :yp9, :yp10, :yp11, :yp12)' in E:\phpwork\yii\framework\db\CDbCommand.php:336
Stack trace:
#0 E:\phpwork\yii\framework\db\ar\CActiveRecord.php(1017): CDbCommand->execute()
#1 E:\phpwork\yii\framework\db\ar\CActiveRecord.php(781): CActiveRecord->insert(NULL)
#2 E:\phpwork\magnet\protected\admin\controllers\ProductController.php(47): CActiveRecord->save()
#3 E:\phpwork\yii\framework\web\actions\CInlineAction.php(50): ProductController->actionCreate()
#4 E:\phpwork\yii\framework\web\CController.php(300): CInlineAction->runWithParams(Array)
#5 E:\phpwork\yii\framework\web\CController.php(278): CController->runAction(Object(CInlineAction))
#6 E:\phpwork\yii\framework\web\CController.php(257): CController->runActionWithFilters(Object(CInlineAction), Array)
#7 E:\phpwork\yii\framework\web\CWebApplication.php(277): CController->run('create')
#8 E:\phpwork\yii\framework\web\CWebApplication.php(136): CWebApplication->runController('product/create/...')
#9 E:\phpwork\yii\framework\base\CApplication.php(158): CWebApplication->processRequest()
#10 E:\phpwork\magnet\common.php(13): CApplication->run()
#11 E:\phpwork\magnet\admin.php(3): require_once('E:\phpwork\magn...')
#12 {main} REQUEST_URI=/magnet/admin.php/product/create/menupanel/content%7Cproduct%7Cproduct_create
2011/08/06 20:56:45 [error] [php] YiiBase::include(seotitle.php) [<a href='yiibase.include'>yiibase.include</a>]: failed to open stream: No such file or directory (E:\phpwork\yii\framework\YiiBase.php:421)
Stack trace:
#0 E:\phpwork\yii\framework\validators\CValidator.php(166): import()
#1 E:\phpwork\yii\framework\base\CModel.php(283): createValidator()
#2 E:\phpwork\yii\framework\base\CModel.php(257): Category->createValidators()
#3 E:\phpwork\yii\framework\base\CModel.php(301): Category->getValidators()
#4 E:\phpwork\yii\framework\web\helpers\CHtml.php(1179): Category->isAttributeRequired()
#5 E:\phpwork\yii\framework\web\widgets\CActiveForm.php(553): activeLabelEx()
#6 E:\phpwork\magnet\protected\admin\views\category\_form.php(18): CActiveForm->labelEx()
#7 E:\phpwork\yii\framework\web\CBaseController.php(119): require()
#8 E:\phpwork\yii\framework\web\CBaseController.php(88): CategoryController->renderInternal()
#9 E:\phpwork\yii\framework\web\CController.php(866): CategoryController->renderFile()
#10 E:\phpwork\magnet\protected\admin\views\category\update.php(3): CategoryController->renderPartial()
#11 E:\phpwork\yii\framework\web\CBaseController.php(119): require()
#12 E:\phpwork\yii\framework\web\CBaseController.php(88): CategoryController->renderInternal()
#13 E:\phpwork\yii\framework\web\CController.php(866): CategoryController->renderFile()
#14 E:\phpwork\yii\framework\web\CController.php(779): CategoryController->renderPartial()
#15 E:\phpwork\magnet\protected\admin\controllers\CategoryController.php(83): CategoryController->render()
#16 unknown(0): CategoryController->actionUpdate()
#17 E:\phpwork\yii\framework\web\actions\CAction.php(104): ReflectionMethod->invokeArgs()
#18 E:\phpwork\yii\framework\web\actions\CInlineAction.php(48): CInlineAction->runWithParamsInternal()
#19 E:\phpwork\yii\framework\web\CController.php(300): CInlineAction->runWithParams()
#20 E:\phpwork\yii\framework\web\CController.php(278): CategoryController->runAction()
#21 E:\phpwork\yii\framework\web\CController.php(257): CategoryController->runActionWithFilters()
#22 E:\phpwork\yii\framework\web\CWebApplication.php(277): CategoryController->run()
#23 E:\phpwork\yii\framework\web\CWebApplication.php(136): CWebApplication->runController()
#24 E:\phpwork\yii\framework\base\CApplication.php(158): CWebApplication->processRequest()
#25 E:\phpwork\magnet\common.php(13): CWebApplication->run()
#26 E:\phpwork\magnet\admin.php(3): require_once()
REQUEST_URI=/magnet/admin.php/category/update/id/24/menupanel/content%7Cproduct%7Cbrand_category
in E:\phpwork\magnet\protected\admin\views\category\_form.php (18)
in E:\phpwork\magnet\protected\admin\views\category\update.php (3)
in E:\phpwork\magnet\protected\admin\controllers\CategoryController.php (83)
2011/08/06 20:56:56 [error] [php] YiiBase::include(seotitle.php) [<a href='yiibase.include'>yiibase.include</a>]: failed to open stream: No such file or directory (E:\phpwork\yii\framework\YiiBase.php:421)
Stack trace:
#0 E:\phpwork\yii\framework\validators\CValidator.php(166): import()
#1 E:\phpwork\yii\framework\base\CModel.php(283): createValidator()
#2 E:\phpwork\yii\framework\base\CModel.php(257): Category->createValidators()
#3 E:\phpwork\yii\framework\base\CModel.php(301): Category->getValidators()
#4 E:\phpwork\yii\framework\web\helpers\CHtml.php(1179): Category->isAttributeRequired()
#5 E:\phpwork\yii\framework\web\widgets\CActiveForm.php(553): activeLabelEx()
#6 E:\phpwork\magnet\protected\admin\views\category\_form.php(18): CActiveForm->labelEx()
#7 E:\phpwork\yii\framework\web\CBaseController.php(119): require()
#8 E:\phpwork\yii\framework\web\CBaseController.php(88): CategoryController->renderInternal()
#9 E:\phpwork\yii\framework\web\CController.php(866): CategoryController->renderFile()
#10 E:\phpwork\magnet\protected\admin\views\category\update.php(3): CategoryController->renderPartial()
#11 E:\phpwork\yii\framework\web\CBaseController.php(119): require()
#12 E:\phpwork\yii\framework\web\CBaseController.php(88): CategoryController->renderInternal()
#13 E:\phpwork\yii\framework\web\CController.php(866): CategoryController->renderFile()
#14 E:\phpwork\yii\framework\web\CController.php(779): CategoryController->renderPartial()
#15 E:\phpwork\magnet\protected\admin\controllers\CategoryController.php(83): CategoryController->render()
#16 unknown(0): CategoryController->actionUpdate()
#17 E:\phpwork\yii\framework\web\actions\CAction.php(104): ReflectionMethod->invokeArgs()
#18 E:\phpwork\yii\framework\web\actions\CInlineAction.php(48): CInlineAction->runWithParamsInternal()
#19 E:\phpwork\yii\framework\web\CController.php(300): CInlineAction->runWithParams()
#20 E:\phpwork\yii\framework\web\CController.php(278): CategoryController->runAction()
#21 E:\phpwork\yii\framework\web\CController.php(257): CategoryController->runActionWithFilters()
#22 E:\phpwork\yii\framework\web\CWebApplication.php(277): CategoryController->run()
#23 E:\phpwork\yii\framework\web\CWebApplication.php(136): CWebApplication->runController()
#24 E:\phpwork\yii\framework\base\CApplication.php(158): CWebApplication->processRequest()
#25 E:\phpwork\magnet\common.php(13): CWebApplication->run()
#26 E:\phpwork\magnet\admin.php(3): require_once()
REQUEST_URI=/magnet/admin.php/category/update/id/20/menupanel/content%7Cproduct%7Cproduct_category
in E:\phpwork\magnet\protected\admin\views\category\_form.php (18)
in E:\phpwork\magnet\protected\admin\views\category\update.php (3)
in E:\phpwork\magnet\protected\admin\controllers\CategoryController.php (83)
2011/08/06 20:57:19 [error] [php] YiiBase::include(seotitle.php) [<a href='yiibase.include'>yiibase.include</a>]: failed to open stream: No such file or directory (E:\phpwork\yii\framework\YiiBase.php:421)
Stack trace:
#0 E:\phpwork\yii\framework\validators\CValidator.php(166): import()
#1 E:\phpwork\yii\framework\base\CModel.php(283): createValidator()
#2 E:\phpwork\yii\framework\base\CModel.php(257): Category->createValidators()
#3 E:\phpwork\yii\framework\base\CModel.php(301): Category->getValidators()
#4 E:\phpwork\yii\framework\web\helpers\CHtml.php(1179): Category->isAttributeRequired()
#5 E:\phpwork\yii\framework\web\widgets\CActiveForm.php(553): activeLabelEx()
#6 E:\phpwork\magnet\protected\admin\views\category\_form.php(18): CActiveForm->labelEx()
#7 E:\phpwork\yii\framework\web\CBaseController.php(119): require()
#8 E:\phpwork\yii\framework\web\CBaseController.php(88): CategoryController->renderInternal()
#9 E:\phpwork\yii\framework\web\CController.php(866): CategoryController->renderFile()
#10 E:\phpwork\magnet\protected\admin\views\category\update.php(3): CategoryController->renderPartial()
#11 E:\phpwork\yii\framework\web\CBaseController.php(119): require()
#12 E:\phpwork\yii\framework\web\CBaseController.php(88): CategoryController->renderInternal()
#13 E:\phpwork\yii\framework\web\CController.php(866): CategoryController->renderFile()
#14 E:\phpwork\yii\framework\web\CController.php(779): CategoryController->renderPartial()
#15 E:\phpwork\magnet\protected\admin\controllers\CategoryController.php(83): CategoryController->render()
#16 unknown(0): CategoryController->actionUpdate()
#17 E:\phpwork\yii\framework\web\actions\CAction.php(104): ReflectionMethod->invokeArgs()
#18 E:\phpwork\yii\framework\web\actions\CInlineAction.php(48): CInlineAction->runWithParamsInternal()
#19 E:\phpwork\yii\framework\web\CController.php(300): CInlineAction->runWithParams()
#20 E:\phpwork\yii\framework\web\CController.php(278): CategoryController->runAction()
#21 E:\phpwork\yii\framework\web\CController.php(257): CategoryController->runActionWithFilters()
#22 E:\phpwork\yii\framework\web\CWebApplication.php(277): CategoryController->run()
#23 E:\phpwork\yii\framework\web\CWebApplication.php(136): CWebApplication->runController()
#24 E:\phpwork\yii\framework\base\CApplication.php(158): CWebApplication->processRequest()
#25 E:\phpwork\magnet\common.php(13): CWebApplication->run()
#26 E:\phpwork\magnet\admin.php(3): require_once()
REQUEST_URI=/magnet/admin.php/category/update/id/16/menupanel/content%7Cproduct%7Cproduct_category
in E:\phpwork\magnet\protected\admin\views\category\_form.php (18)
in E:\phpwork\magnet\protected\admin\views\category\update.php (3)
in E:\phpwork\magnet\protected\admin\controllers\CategoryController.php (83)
2011/08/06 21:01:16 [error] [exception.CHttpException.404] exception 'CHttpException' with message 'The requested page does not exist.' in E:\phpwork\magnet\protected\admin\controllers\ProductController.php:102
Stack trace:
#0 E:\phpwork\magnet\protected\admin\controllers\ProductController.php(69): ProductController->loadModel('8')
#1 [internal function]: ProductController->actionUpdate('8')
#2 E:\phpwork\yii\framework\web\actions\CAction.php(104): ReflectionMethod->invokeArgs(Object(ProductController), Array)
#3 E:\phpwork\yii\framework\web\actions\CInlineAction.php(48): CAction->runWithParamsInternal(Object(ProductController), Object(ReflectionMethod), Array)
#4 E:\phpwork\yii\framework\web\CController.php(300): CInlineAction->runWithParams(Array)
#5 E:\phpwork\yii\framework\web\CController.php(278): CController->runAction(Object(CInlineAction))
#6 E:\phpwork\yii\framework\web\CController.php(257): CController->runActionWithFilters(Object(CInlineAction), Array)
#7 E:\phpwork\yii\framework\web\CWebApplication.php(277): CController->run('update')
#8 E:\phpwork\yii\framework\web\CWebApplication.php(136): CWebApplication->runController('product/update/...')
#9 E:\phpwork\yii\framework\base\CApplication.php(158): CWebApplication->processRequest()
#10 E:\phpwork\magnet\common.php(13): CApplication->run()
#11 E:\phpwork\magnet\admin.php(3): require_once('E:\phpwork\magn...')
#12 {main} REQUEST_URI=/magnet/admin.php/product/update/id/8/menupanel/content%7Cproduct%7Cproduct_index/cid//title
2011/08/06 21:01:31 [warning] [application] Failed to set unsafe attribute "id" of "Product".
in E:\phpwork\magnet\protected\admin\controllers\ProductController.php (41)
in E:\phpwork\magnet\common.php (13)
in E:\phpwork\magnet\admin.php (3)
2011/08/06 21:01:31 [error] [system.db.CDbCommand] CDbCommand::execute() failed: SQLSTATE[23000]: Integrity constraint violation: 19 mt_product.id may not be NULL. The SQL statement executed was: INSERT INTO 'mt_product' ("recommend_level", "userid", "title", "cid", "bid", "content", "summary", "seotitle", "keywords", "description", "update_time", "create_time", "status", "hits") VALUES (:yp0, :yp1, :yp2, :yp3, :yp4, :yp5, :yp6, :yp7, :yp8, :yp9, :yp10, :yp11, :yp12, :yp13).
in E:\phpwork\magnet\protected\admin\controllers\ProductController.php (47)
in E:\phpwork\magnet\common.php (13)
in E:\phpwork\magnet\admin.php (3)
2011/08/06 21:01:31 [error] [exception.CDbException] exception 'CDbException' with message 'CDbCommand 无法执行 SQL 语句: SQLSTATE[23000]: Integrity constraint violation: 19 mt_product.id may not be NULL. The SQL statement executed was: INSERT INTO 'mt_product' ("recommend_level", "userid", "title", "cid", "bid", "content", "summary", "seotitle", "keywords", "description", "update_time", "create_time", "status", "hits") VALUES (:yp0, :yp1, :yp2, :yp3, :yp4, :yp5, :yp6, :yp7, :yp8, :yp9, :yp10, :yp11, :yp12, :yp13)' in E:\phpwork\yii\framework\db\CDbCommand.php:336
Stack trace:
#0 E:\phpwork\yii\framework\db\ar\CActiveRecord.php(1017): CDbCommand->execute()
#1 E:\phpwork\yii\framework\db\ar\CActiveRecord.php(781): CActiveRecord->insert(NULL)
#2 E:\phpwork\magnet\protected\admin\controllers\ProductController.php(47): CActiveRecord->save()
#3 E:\phpwork\yii\framework\web\actions\CInlineAction.php(50): ProductController->actionCreate()
#4 E:\phpwork\yii\framework\web\CController.php(300): CInlineAction->runWithParams(Array)
#5 E:\phpwork\yii\framework\web\CController.php(278): CController->runAction(Object(CInlineAction))
#6 E:\phpwork\yii\framework\web\CController.php(257): CController->runActionWithFilters(Object(CInlineAction), Array)
#7 E:\phpwork\yii\framework\web\CWebApplication.php(277): CController->run('create')
#8 E:\phpwork\yii\framework\web\CWebApplication.php(136): CWebApplication->runController('product/create/...')
#9 E:\phpwork\yii\framework\base\CApplication.php(158): CWebApplication->processRequest()
#10 E:\phpwork\magnet\common.php(13): CApplication->run()
#11 E:\phpwork\magnet\admin.php(3): require_once('E:\phpwork\magn...')
#12 {main} REQUEST_URI=/magnet/admin.php/product/create/menupanel/content%7Cproduct%7Cproduct_create
2011/08/06 21:02:49 [warning] [application] Failed to set unsafe attribute "id" of "Product".
in E:\phpwork\magnet\protected\admin\controllers\ProductController.php (41)
in E:\phpwork\magnet\common.php (13)
in E:\phpwork\magnet\admin.php (3)
2011/08/06 21:02:57 [warning] [application] Failed to set unsafe attribute "id" of "Product".
in E:\phpwork\magnet\protected\admin\controllers\ProductController.php (41)
in E:\phpwork\magnet\common.php (13)
in E:\phpwork\magnet\admin.php (3)
2011/08/06 21:02:57 [error] [system.db.CDbCommand] CDbCommand::execute() failed: SQLSTATE[23000]: Integrity constraint violation: 19 mt_product.id may not be NULL. The SQL statement executed was: INSERT INTO 'mt_product' ("recommend_level", "userid", "title", "cid", "bid", "content", "summary", "seotitle", "keywords", "description", "update_time", "create_time", "status", "hits") VALUES (:yp0, :yp1, :yp2, :yp3, :yp4, :yp5, :yp6, :yp7, :yp8, :yp9, :yp10, :yp11, :yp12, :yp13).
in E:\phpwork\magnet\protected\admin\controllers\ProductController.php (47)
in E:\phpwork\magnet\common.php (13)
in E:\phpwork\magnet\admin.php (3)
2011/08/06 21:02:57 [error] [exception.CDbException] exception 'CDbException' with message 'CDbCommand 无法执行 SQL 语句: SQLSTATE[23000]: Integrity constraint violation: 19 mt_product.id may not be NULL. The SQL statement executed was: INSERT INTO 'mt_product' ("recommend_level", "userid", "title", "cid", "bid", "content", "summary", "seotitle", "keywords", "description", "update_time", "create_time", "status", "hits") VALUES (:yp0, :yp1, :yp2, :yp3, :yp4, :yp5, :yp6, :yp7, :yp8, :yp9, :yp10, :yp11, :yp12, :yp13)' in E:\phpwork\yii\framework\db\CDbCommand.php:336
Stack trace:
#0 E:\phpwork\yii\framework\db\ar\CActiveRecord.php(1017): CDbCommand->execute()
#1 E:\phpwork\yii\framework\db\ar\CActiveRecord.php(781): CActiveRecord->insert(NULL)
#2 E:\phpwork\magnet\protected\admin\controllers\ProductController.php(47): CActiveRecord->save()
#3 E:\phpwork\yii\framework\web\actions\CInlineAction.php(50): ProductController->actionCreate()
#4 E:\phpwork\yii\framework\web\CController.php(300): CInlineAction->runWithParams(Array)
#5 E:\phpwork\yii\framework\web\CController.php(278): CController->runAction(Object(CInlineAction))
#6 E:\phpwork\yii\framework\web\CController.php(257): CController->runActionWithFilters(Object(CInlineAction), Array)
#7 E:\phpwork\yii\framework\web\CWebApplication.php(277): CController->run('create')
#8 E:\phpwork\yii\framework\web\CWebApplication.php(136): CWebApplication->runController('product/create')
#9 E:\phpwork\yii\framework\base\CApplication.php(158): CWebApplication->processRequest()
#10 E:\phpwork\magnet\common.php(13): CApplication->run()
#11 E:\phpwork\magnet\admin.php(3): require_once('E:\phpwork\magn...')
#12 {main} REQUEST_URI=/magnet/admin.php/product/create
2011/08/06 21:03:41 [warning] [application] Failed to set unsafe attribute "id" of "Product".
in E:\phpwork\magnet\protected\admin\controllers\ProductController.php (72)
in E:\phpwork\magnet\common.php (13)
in E:\phpwork\magnet\admin.php (3)
2011/08/06 21:03:50 [warning] [application] Failed to set unsafe attribute "id" of "Product".
in E:\phpwork\magnet\protected\admin\controllers\ProductController.php (72)
in E:\phpwork\magnet\common.php (13)
in E:\phpwork\magnet\admin.php (3)
2011/10/31 16:57:51 [warning] [application] Failed to set unsafe attribute "id" of "User".
in D:\phpwork\mtcms\protected\admin\controllers\UserController.php (64)
in D:\phpwork\mtcms\common.php (13)
in D:\phpwork\mtcms\admin.php (3)
